<?xml version="1.0" encoding="UTF-8"?>
<testng-results ignored="0" total="1" passed="1" failed="0" skipped="0">
  <reporter-output>
    <line>
      <![CDATA[CLicked]]>
    </line>
  </reporter-output>
  <suite started-at="2023-10-26T18:52:45 IST" name="Default suite" finished-at="2023-10-26T18:53:25 IST" duration-ms="40868">
    <groups>
      <group name="SmokeSuite">
        <method signature="CreateContactTest.createContact()[pri:0, instance:contactTest.CreateContactTest@333291e3]" name="createContact" class="contactTest.CreateContactTest"/>
      </group> <!-- SmokeSuite -->
    </groups>
    <test started-at="2023-10-26T18:52:45 IST" name="Default test" finished-at="2023-10-26T18:53:25 IST" duration-ms="40868">
      <class name="contactTest.CreateContactTest">
        <test-method is-config="true" signature="bsConfig()[pri:0, instance:contactTest.CreateContactTest@333291e3]" started-at="2023-10-26T18:52:45 IST" name="bsConfig" finished-at="2023-10-26T18:52:45 IST" duration-ms="15" status="PASS">
          <reporter-output>
          </reporter-output>
        </test-method> <!-- bsConfig -->
        <test-method is-config="true" signature="bcConfig()[pri:0, instance:contactTest.CreateContactTest@333291e3]" started-at="2023-10-26T18:52:45 IST" name="bcConfig" finished-at="2023-10-26T18:52:56 IST" duration-ms="10336" status="PASS">
          <reporter-output>
          </reporter-output>
        </test-method> <!-- bcConfig -->
        <test-method is-config="true" signature="bmConfig()[pri:0, instance:contactTest.CreateContactTest@333291e3]" started-at="2023-10-26T18:52:56 IST" name="bmConfig" finished-at="2023-10-26T18:53:00 IST" duration-ms="4630" status="PASS">
          <reporter-output>
          </reporter-output>
        </test-method> <!-- bmConfig -->
        <test-method signature="createContact()[pri:0, instance:contactTest.CreateContactTest@333291e3]" started-at="2023-10-26T18:53:00 IST" name="createContact" finished-at="2023-10-26T18:53:20 IST" duration-ms="19958" status="PASS">
          <reporter-output>
            <line>
              <![CDATA[CLicked]]>
            </line>
          </reporter-output>
        </test-method> <!-- createContact -->
        <test-method is-config="true" signature="amConfig()[pri:0, instance:contactTest.CreateContactTest@333291e3]" started-at="2023-10-26T18:53:20 IST" name="amConfig" finished-at="2023-10-26T18:53:23 IST" duration-ms="3114" status="PASS">
          <reporter-output>
          </reporter-output>
        </test-method> <!-- amConfig -->
        <test-method is-config="true" signature="acConfig()[pri:0, instance:contactTest.CreateContactTest@333291e3]" started-at="2023-10-26T18:53:23 IST" name="acConfig" finished-at="2023-10-26T18:53:25 IST" duration-ms="2026" status="PASS">
          <reporter-output>
          </reporter-output>
        </test-method> <!-- acConfig -->
        <test-method is-config="true" signature="asConfig()[pri:0, instance:contactTest.CreateContactTest@333291e3]" started-at="2023-10-26T18:53:26 IST" name="asConfig" finished-at="2023-10-26T18:53:26 IST" duration-ms="1" status="PASS">
          <reporter-output>
          </reporter-output>
        </test-method> <!-- asConfig -->
      </class> <!-- contactTest.CreateContactTest -->
    </test> <!-- Default test -->
  </suite> <!-- Default suite -->
</testng-results>
